<?xml version="1.0" encoding="UTF-8"?>
<Site BuildName="Linux-gcc-12"
	BuildStamp="20231020-1132-Experimental"
	Name="dek0n-Vostro"
	Generator="ctest-3.27.7"
	CompilerName=""
	CompilerVersion=""
	OSName="Linux"
	Hostname="dek0n-Vostro"
	OSRelease="5.15.0-86-generic"
	OSVersion="#96-Ubuntu SMP Wed Sep 20 08:23:49 UTC 2023"
	OSPlatform="x86_64"
	Is64Bits="1"
	VendorString="GenuineIntel"
	VendorID="Intel Corporation"
	FamilyID="6"
	ModelID="140"
	ProcessorCacheSize="12288"
	NumberOfLogicalCPU="8"
	NumberOfPhysicalCPU="4"
	TotalVirtualMemory="2047"
	TotalPhysicalMemory="31837"
	LogicalProcessorsPerPhysical="2"
	ProcessorClockFrequency="2900"
	>
	<Testing>
		<StartDateTime>Oct 20 15:03 EEST</StartDateTime>
		<StartTestTime>1697803432</StartTestTime>
		<TestList/>
		<EndDateTime>Oct 20 15:03 EEST</EndDateTime>
		<EndTestTime>1697803432</EndTestTime>
		<ElapsedMinutes>0</ElapsedMinutes>
	</Testing>
</Site>
